{"/home/vinicius/Área de Trabalho/projetos_pessoais/sender-email/src/main.ts": {"path":"/home/vinicius/Área de Trabalho/projetos_pessoais/sender-email/src/main.ts","statementMap":{"0":{"start":{"line":1,"column":0},"end":{"line":1,"column":60}},"1":{"start":{"line":3,"column":0},"end":{"line":5,"column":5}},"2":{"start":{"line":4,"column":2},"end":{"line":4,"column":25}},"3":{"start":{"line":8,"column":47},"end":{"line":8,"column":70}},"4":{"start":{"line":9,"column":2},"end":{"line":9,"column":32}}},"fnMap":{"0":{"name":"(anonymous_0)","decl":{"start":{"line":3,"column":1},"end":{"line":3,"column":6}},"loc":{"start":{"line":3,"column":27},"end":{"line":5,"column":1}}},"1":{"name":"runApplication","decl":{"start":{"line":7,"column":15},"end":{"line":7,"column":29}},"loc":{"start":{"line":7,"column":29},"end":{"line":10,"column":1}}}},"branchMap":{},"s":{"0":0,"1":0,"2":0,"3":0,"4":0},"f":{"0":0,"1":0},"b":{}}
,"/home/vinicius/Área de Trabalho/projetos_pessoais/sender-email/src/server/root.module.ts": {"path":"/home/vinicius/Área de Trabalho/projetos_pessoais/sender-email/src/server/root.module.ts","statementMap":{"0":{"start":{"line":1,"column":0},"end":{"line":1,"column":40}},"1":{"start":{"line":2,"column":0},"end":{"line":2,"column":72}},"2":{"start":{"line":7,"column":15},"end":{"line":7,"column":34}},"3":{"start":{"line":7,"column":21},"end":{"line":7,"column":34}},"4":{"start":{"line":7,"column":21},"end":{"line":7,"column":33}}},"fnMap":{},"branchMap":{},"s":{"0":0,"1":0,"2":0,"3":0,"4":0},"f":{},"b":{}}
,"/home/vinicius/Área de Trabalho/projetos_pessoais/sender-email/src/server/server-application.ts": {"path":"/home/vinicius/Área de Trabalho/projetos_pessoais/sender-email/src/server/server-application.ts","statementMap":{"0":{"start":{"line":1,"column":0},"end":{"line":1,"column":56}},"1":{"start":{"line":2,"column":0},"end":{"line":2,"column":43}},"2":{"start":{"line":4,"column":0},"end":{"line":4,"column":65}},"3":{"start":{"line":5,"column":0},"end":{"line":5,"column":44}},"4":{"start":{"line":6,"column":0},"end":{"line":6,"column":39}},"5":{"start":{"line":9,"column":19},"end":{"line":9,"column":49}},"6":{"start":{"line":10,"column":19},"end":{"line":10,"column":49}},"7":{"start":{"line":13,"column":40},"end":{"line":13,"column":100}},"8":{"start":{"line":15,"column":4},"end":{"line":15,"column":45}},"9":{"start":{"line":17,"column":4},"end":{"line":17,"column":34}},"10":{"start":{"line":19,"column":4},"end":{"line":19,"column":53}},"11":{"start":{"line":23,"column":26},"end":{"line":23,"column":48}},"12":{"start":{"line":24,"column":32},"end":{"line":24,"column":51}},"13":{"start":{"line":25,"column":28},"end":{"line":25,"column":35}},"14":{"start":{"line":27,"column":20},"end":{"line":32,"column":14}},"15":{"start":{"line":33,"column":21},"end":{"line":33,"column":63}},"16":{"start":{"line":34,"column":4},"end":{"line":34,"column":46}},"17":{"start":{"line":38,"column":4},"end":{"line":38,"column":110}},"18":{"start":{"line":42,"column":4},"end":{"line":42,"column":null}},"19":{"start":{"line":8,"column":0},"end":{"line":8,"column":21}}},"fnMap":{"0":{"name":"(anonymous_0)","decl":{"start":{"line":8,"column":0},"end":{"line":8,"column":21}},"loc":{"start":{"line":8,"column":0},"end":{"line":44,"column":1}}},"1":{"name":"(anonymous_1)","decl":{"start":{"line":12,"column":9},"end":{"line":12,"column":14}},"loc":{"start":{"line":12,"column":18},"end":{"line":20,"column":3}}},"2":{"name":"(anonymous_2)","decl":{"start":{"line":22,"column":10},"end":{"line":22,"column":29}},"loc":{"start":{"line":22,"column":57},"end":{"line":35,"column":3}}},"3":{"name":"(anonymous_3)","decl":{"start":{"line":37,"column":10},"end":{"line":37,"column":13}},"loc":{"start":{"line":37,"column":13},"end":{"line":39,"column":3}}},"4":{"name":"(anonymous_4)","decl":{"start":{"line":41,"column":9},"end":{"line":41,"column":15}},"loc":{"start":{"line":41,"column":19},"end":{"line":43,"column":3}}}},"branchMap":{},"s":{"0":0,"1":0,"2":0,"3":0,"4":0,"5":0,"6":0,"7":0,"8":0,"9":0,"10":0,"11":0,"12":0,"13":0,"14":0,"15":0,"16":0,"17":0,"18":0,"19":0},"f":{"0":0,"1":0,"2":0,"3":0,"4":0},"b":{}}
,"/home/vinicius/Área de Trabalho/projetos_pessoais/sender-email/src/server/config/api.config.ts": {"path":"/home/vinicius/Área de Trabalho/projetos_pessoais/sender-email/src/server/config/api.config.ts","statementMap":{"0":{"start":{"line":3,"column":0},"end":{"line":3,"column":21}},"1":{"start":{"line":4,"column":25},"end":{"line":4,"column":52}},"2":{"start":{"line":5,"column":25},"end":{"line":5,"column":45}}},"fnMap":{},"branchMap":{},"s":{"0":0,"1":0,"2":0},"f":{},"b":{}}
,"/home/vinicius/Área de Trabalho/projetos_pessoais/sender-email/src/v1/application/api/rest/controller/email/email.controller.ts": {"path":"/home/vinicius/Área de Trabalho/projetos_pessoais/sender-email/src/v1/application/api/rest/controller/email/email.controller.ts","statementMap":{"0":{"start":{"line":1,"column":0},"end":{"line":1,"column":44}},"1":{"start":{"line":4,"column":7},"end":{"line":4,"column":null}},"2":{"start":{"line":4,"column":13},"end":{"line":4,"column":null}},"3":{"start":{"line":4,"column":13},"end":{"line":4,"column":28}}},"fnMap":{},"branchMap":{},"s":{"0":1,"1":1,"2":1,"3":1},"f":{},"b":{}}
,"/home/vinicius/Área de Trabalho/projetos_pessoais/sender-email/src/v1/application/dependency-inversion/v1.module.ts": {"path":"/home/vinicius/Área de Trabalho/projetos_pessoais/sender-email/src/v1/application/dependency-inversion/v1.module.ts","statementMap":{"0":{"start":{"line":1,"column":0},"end":{"line":1,"column":40}},"1":{"start":{"line":4,"column":15},"end":{"line":4,"column":null}},"2":{"start":{"line":4,"column":21},"end":{"line":4,"column":null}},"3":{"start":{"line":4,"column":21},"end":{"line":4,"column":32}}},"fnMap":{},"branchMap":{},"s":{"0":0,"1":0,"2":0,"3":0},"f":{},"b":{}}
,"/home/vinicius/Área de Trabalho/projetos_pessoais/sender-email/src/v1/business/common/error/implementations/invalid-emailAddress.error.ts": {"path":"/home/vinicius/Área de Trabalho/projetos_pessoais/sender-email/src/v1/business/common/error/implementations/invalid-emailAddress.error.ts","statementMap":{"0":{"start":{"line":1,"column":0},"end":{"line":1,"column":68}},"1":{"start":{"line":9,"column":4},"end":{"line":9,"column":12}},"2":{"start":{"line":5,"column":2},"end":{"line":5,"column":19}},"3":{"start":{"line":6,"column":2},"end":{"line":6,"column":45}},"4":{"start":{"line":10,"column":4},"end":{"line":10,"column":135}},"5":{"start":{"line":4,"column":0},"end":{"line":4,"column":21}}},"fnMap":{"0":{"name":"(anonymous_0)","decl":{"start":{"line":8,"column":2},"end":{"line":8,"column":null}},"loc":{"start":{"line":8,"column":2},"end":{"line":11,"column":3}}}},"branchMap":{},"s":{"0":0,"1":0,"2":0,"3":0,"4":0,"5":0},"f":{"0":0},"b":{}}
,"/home/vinicius/Área de Trabalho/projetos_pessoais/sender-email/src/v1/business/common/type/error-message.type.ts": {"path":"/home/vinicius/Área de Trabalho/projetos_pessoais/sender-email/src/v1/business/common/type/error-message.type.ts","statementMap":{"0":{"start":{"line":1,"column":0},"end":{"line":1,"column":null}},"1":{"start":{"line":2,"column":2},"end":{"line":2,"column":null}},"2":{"start":{"line":3,"column":2},"end":{"line":3,"column":null}},"3":{"start":{"line":4,"column":2},"end":{"line":4,"column":null}}},"fnMap":{"0":{"name":"(anonymous_0)","decl":{"start":{"line":1,"column":0},"end":{"line":1,"column":12}},"loc":{"start":{"line":1,"column":31},"end":{"line":5,"column":1}}}},"branchMap":{"0":{"loc":{"start":{"line":1,"column":12},"end":{"line":1,"column":null}},"type":"binary-expr","locations":[{"start":{"line":1,"column":12},"end":{"line":1,"column":31}},{"start":{"line":1,"column":12},"end":{"line":1,"column":null}}]}},"s":{"0":0,"1":0,"2":0,"3":0},"f":{"0":0},"b":{"0":[0,0]}}
,"/home/vinicius/Área de Trabalho/projetos_pessoais/sender-email/src/v1/business/common/type/extension.type.ts": {"path":"/home/vinicius/Área de Trabalho/projetos_pessoais/sender-email/src/v1/business/common/type/extension.type.ts","statementMap":{"0":{"start":{"line":1,"column":0},"end":{"line":1,"column":null}},"1":{"start":{"line":2,"column":2},"end":{"line":2,"column":null}},"2":{"start":{"line":3,"column":2},"end":{"line":3,"column":null}},"3":{"start":{"line":4,"column":2},"end":{"line":4,"column":null}},"4":{"start":{"line":5,"column":2},"end":{"line":5,"column":null}},"5":{"start":{"line":6,"column":2},"end":{"line":6,"column":null}}},"fnMap":{"0":{"name":"(anonymous_0)","decl":{"start":{"line":1,"column":0},"end":{"line":1,"column":12}},"loc":{"start":{"line":1,"column":21},"end":{"line":7,"column":1}}}},"branchMap":{"0":{"loc":{"start":{"line":1,"column":12},"end":{"line":1,"column":null}},"type":"binary-expr","locations":[{"start":{"line":1,"column":12},"end":{"line":1,"column":21}},{"start":{"line":1,"column":12},"end":{"line":1,"column":null}}]}},"s":{"0":2,"1":2,"2":2,"3":2,"4":2,"5":2},"f":{"0":2},"b":{"0":[2,2]}}
,"/home/vinicius/Área de Trabalho/projetos_pessoais/sender-email/src/v1/business/domain/attachment/entity/attachment.entity.ts": {"path":"/home/vinicius/Área de Trabalho/projetos_pessoais/sender-email/src/v1/business/domain/attachment/entity/attachment.entity.ts","statementMap":{"0":{"start":{"line":4,"column":23},"end":{"line":4,"column":36}},"1":{"start":{"line":4,"column":47},"end":{"line":4,"column":68}},"2":{"start":{"line":4,"column":79},"end":{"line":4,"column":95}},"3":{"start":{"line":3,"column":0},"end":{"line":3,"column":21}}},"fnMap":{"0":{"name":"(anonymous_0)","decl":{"start":{"line":4,"column":2},"end":{"line":4,"column":23}},"loc":{"start":{"line":4,"column":95},"end":{"line":4,"column":99}}}},"branchMap":{},"s":{"0":3,"1":3,"2":3,"3":3},"f":{"0":3},"b":{}}
,"/home/vinicius/Área de Trabalho/projetos_pessoais/sender-email/src/v1/business/domain/email/entity/email.entity.ts": {"path":"/home/vinicius/Área de Trabalho/projetos_pessoais/sender-email/src/v1/business/domain/email/entity/email.entity.ts","statementMap":{"0":{"start":{"line":5,"column":23},"end":{"line":5,"column":37}},"1":{"start":{"line":5,"column":48},"end":{"line":5,"column":61}},"2":{"start":{"line":4,"column":2},"end":{"line":4,"column":41}},"3":{"start":{"line":7,"column":30},"end":{"line":7,"column":49}},"4":{"start":{"line":9,"column":29},"end":{"line":9,"column":47}},"5":{"start":{"line":11,"column":55},"end":{"line":11,"column":92}},"6":{"start":{"line":13,"column":40},"end":{"line":13,"column":74}},"7":{"start":{"line":3,"column":0},"end":{"line":3,"column":21}}},"fnMap":{"0":{"name":"(anonymous_0)","decl":{"start":{"line":5,"column":2},"end":{"line":5,"column":23}},"loc":{"start":{"line":5,"column":61},"end":{"line":5,"column":66}}},"1":{"name":"(anonymous_1)","decl":{"start":{"line":7,"column":2},"end":{"line":7,"column":13}},"loc":{"start":{"line":7,"column":18},"end":{"line":7,"column":51}}},"2":{"name":"(anonymous_2)","decl":{"start":{"line":9,"column":2},"end":{"line":9,"column":13}},"loc":{"start":{"line":9,"column":17},"end":{"line":9,"column":49}}},"3":{"name":"(anonymous_3)","decl":{"start":{"line":11,"column":9},"end":{"line":11,"column":22}},"loc":{"start":{"line":11,"column":45},"end":{"line":11,"column":94}}},"4":{"name":"(anonymous_4)","decl":{"start":{"line":13,"column":9},"end":{"line":13,"column":27}},"loc":{"start":{"line":13,"column":27},"end":{"line":13,"column":76}}}},"branchMap":{},"s":{"0":3,"1":3,"2":3,"3":1,"4":1,"5":2,"6":1,"7":2},"f":{"0":3,"1":1,"2":1,"3":2,"4":1},"b":{}}
,"/home/vinicius/Área de Trabalho/projetos_pessoais/sender-email/src/v1/business/domain/email/value-object/emailAddress.value-object.ts": {"path":"/home/vinicius/Área de Trabalho/projetos_pessoais/sender-email/src/v1/business/domain/email/value-object/emailAddress.value-object.ts","statementMap":{"0":{"start":{"line":1,"column":0},"end":{"line":1,"column":47}},"1":{"start":{"line":4,"column":31},"end":{"line":4,"column":45}},"2":{"start":{"line":5,"column":4},"end":{"line":5,"column":97}},"3":{"start":{"line":5,"column":43},"end":{"line":5,"column":97}},"4":{"start":{"line":9,"column":4},"end":{"line":9,"column":35}},"5":{"start":{"line":9,"column":22},"end":{"line":9,"column":35}},"6":{"start":{"line":10,"column":41},"end":{"line":10,"column":64}},"7":{"start":{"line":11,"column":4},"end":{"line":11,"column":36}},"8":{"start":{"line":11,"column":23},"end":{"line":11,"column":36}},"9":{"start":{"line":12,"column":40},"end":{"line":12,"column":64}},"10":{"start":{"line":13,"column":4},"end":{"line":13,"column":67}},"11":{"start":{"line":13,"column":54},"end":{"line":13,"column":67}},"12":{"start":{"line":14,"column":4},"end":{"line":14,"column":16}},"13":{"start":{"line":18,"column":4},"end":{"line":18,"column":23}},"14":{"start":{"line":3,"column":0},"end":{"line":3,"column":21}}},"fnMap":{"0":{"name":"(anonymous_0)","decl":{"start":{"line":4,"column":2},"end":{"line":4,"column":31}},"loc":{"start":{"line":4,"column":45},"end":{"line":6,"column":3}}},"1":{"name":"(anonymous_1)","decl":{"start":{"line":8,"column":10},"end":{"line":8,"column":30}},"loc":{"start":{"line":8,"column":51},"end":{"line":15,"column":3}}},"2":{"name":"(anonymous_2)","decl":{"start":{"line":17,"column":2},"end":{"line":17,"column":13}},"loc":{"start":{"line":17,"column":18},"end":{"line":19,"column":3}}}},"branchMap":{"0":{"loc":{"start":{"line":5,"column":4},"end":{"line":5,"column":97}},"type":"if","locations":[{"start":{"line":5,"column":4},"end":{"line":5,"column":97}}]},"1":{"loc":{"start":{"line":9,"column":4},"end":{"line":9,"column":35}},"type":"if","locations":[{"start":{"line":9,"column":4},"end":{"line":9,"column":35}}]},"2":{"loc":{"start":{"line":11,"column":4},"end":{"line":11,"column":36}},"type":"if","locations":[{"start":{"line":11,"column":4},"end":{"line":11,"column":36}}]},"3":{"loc":{"start":{"line":13,"column":4},"end":{"line":13,"column":67}},"type":"if","locations":[{"start":{"line":13,"column":4},"end":{"line":13,"column":67}}]},"4":{"loc":{"start":{"line":13,"column":7},"end":{"line":13,"column":52}},"type":"binary-expr","locations":[{"start":{"line":13,"column":7},"end":{"line":13,"column":19}},{"start":{"line":13,"column":23},"end":{"line":13,"column":35}},{"start":{"line":13,"column":39},"end":{"line":13,"column":52}}]}},"s":{"0":2,"1":10,"2":10,"3":6,"4":10,"5":1,"6":9,"7":9,"8":1,"9":8,"10":8,"11":4,"12":4,"13":4,"14":2},"f":{"0":10,"1":10,"2":4},"b":{"0":[6],"1":[1],"2":[1],"3":[4],"4":[8,6,5]}}
,"/home/vinicius/Área de Trabalho/projetos_pessoais/sender-email/src/v1/business/service/email/use-case/sendEmail.use-case.ts": {"path":"/home/vinicius/Área de Trabalho/projetos_pessoais/sender-email/src/v1/business/service/email/use-case/sendEmail.use-case.ts","statementMap":{"0":{"start":{"line":1,"column":0},"end":{"line":1,"column":77}},"1":{"start":{"line":2,"column":0},"end":{"line":2,"column":62}},"2":{"start":{"line":6,"column":0},"end":{"line":6,"column":88}},"3":{"start":{"line":10,"column":23},"end":{"line":10,"column":44}},"4":{"start":{"line":13,"column":31},"end":{"line":13,"column":73}},"5":{"start":{"line":14,"column":29},"end":{"line":14,"column":74}},"6":{"start":{"line":15,"column":32},"end":{"line":15,"column":66}},"7":{"start":{"line":16,"column":4},"end":{"line":18,"column":null}},"8":{"start":{"line":17,"column":6},"end":{"line":17,"column":99}},"9":{"start":{"line":20,"column":50},"end":{"line":20,"column":122}},"10":{"start":{"line":20,"column":92},"end":{"line":20,"column":121}},"11":{"start":{"line":22,"column":45},"end":{"line":29,"column":null}},"12":{"start":{"line":28,"column":61},"end":{"line":28,"column":79}},"13":{"start":{"line":31,"column":19},"end":{"line":31,"column":52}},"14":{"start":{"line":33,"column":4},"end":{"line":33,"column":18}},"15":{"start":{"line":9,"column":0},"end":{"line":9,"column":21}}},"fnMap":{"0":{"name":"(anonymous_0)","decl":{"start":{"line":10,"column":2},"end":{"line":10,"column":23}},"loc":{"start":{"line":10,"column":44},"end":{"line":10,"column":48}}},"1":{"name":"(anonymous_1)","decl":{"start":{"line":12,"column":2},"end":{"line":12,"column":7}},"loc":{"start":{"line":12,"column":44},"end":{"line":34,"column":3}}},"2":{"name":"(anonymous_2)","decl":{"start":{"line":20,"column":77},"end":{"line":20,"column":88}},"loc":{"start":{"line":20,"column":92},"end":{"line":20,"column":121}}},"3":{"name":"(anonymous_3)","decl":{"start":{"line":28,"column":45},"end":{"line":28,"column":57}},"loc":{"start":{"line":28,"column":61},"end":{"line":28,"column":79}}}},"branchMap":{},"s":{"0":1,"1":1,"2":1,"3":1,"4":1,"5":1,"6":1,"7":1,"8":0,"9":1,"10":0,"11":1,"12":0,"13":1,"14":1,"15":1},"f":{"0":1,"1":1,"2":0,"3":0},"b":{}}
,"/home/vinicius/Área de Trabalho/projetos_pessoais/sender-email/src/v1/infrastructure/config/mailer/nodemailer.ts": {"path":"/home/vinicius/Área de Trabalho/projetos_pessoais/sender-email/src/v1/infrastructure/config/mailer/nodemailer.ts","statementMap":{"0":{"start":{"line":4,"column":19},"end":{"line":4,"column":40}},"1":{"start":{"line":7,"column":10},"end":{"line":15,"column":5}},"2":{"start":{"line":20,"column":21},"end":{"line":26,"column":6}},"3":{"start":{"line":28,"column":4},"end":{"line":32,"column":null}},"4":{"start":{"line":6,"column":0},"end":{"line":6,"column":21}}},"fnMap":{"0":{"name":"(anonymous_0)","decl":{"start":{"line":17,"column":2},"end":{"line":17,"column":17}},"loc":{"start":{"line":17,"column":2},"end":{"line":17,"column":18}}},"1":{"name":"(anonymous_1)","decl":{"start":{"line":19,"column":2},"end":{"line":19,"column":7}},"loc":{"start":{"line":19,"column":44},"end":{"line":33,"column":3}}}},"branchMap":{"0":{"loc":{"start":{"line":30,"column":14},"end":{"line":30,"column":57}},"type":"cond-expr","locations":[{"start":{"line":30,"column":34},"end":{"line":30,"column":44}},{"start":{"line":30,"column":47},"end":{"line":30,"column":57}}]}},"s":{"0":1,"1":1,"2":0,"3":0,"4":1},"f":{"0":1,"1":0},"b":{"0":[0,0]}}
}
